-------------------------------------------------------------------------------
Test set: site.cnkj.kafka.KafkaApplicationBootTest
-------------------------------------------------------------------------------
Tests run: 1, Failures: 0, Errors: 1, Skipped: 0, Time elapsed: 7.261 s <<< FAILURE! - in site.cnkj.kafka.KafkaApplicationBootTest
test(site.cnkj.kafka.KafkaApplicationBootTest)  Time elapsed: 0.021 s  <<< ERROR!
java.lang.IllegalStateException: Failed to load ApplicationContext
Caused by: org.springframework.beans.factory.BeanCreationException: Error creating bean with name 'kafkaListenerConfig' defined in file [H:\github\demo4java\Kafka\target\classes\site\cnkj\kafka\config\KafkaListenerConfig.class]: Instantiation of bean failed; nested exception is org.springframework.beans.BeanInstantiationException: Failed to instantiate [site.cnkj.kafka.config.KafkaListenerConfig]: Constructor threw exception; nested exception is java.lang.NullPointerException
Caused by: org.springframework.beans.BeanInstantiationException: Failed to instantiate [site.cnkj.kafka.config.KafkaListenerConfig]: Constructor threw exception; nested exception is java.lang.NullPointerException
Caused by: java.lang.NullPointerException

